  Npc.cpp
C:\Users\Micha\Desktop\AILabs\AILab1+2\Utility.h(37,13): warning C4244: 'return': conversion from 'double' to 'float', possible loss of data
C:\Users\Micha\Desktop\AILabs\AILab1+2\Utility.h(42,13): warning C4244: 'return': conversion from 'double' to 'float', possible loss of data
C:\Users\Micha\Desktop\AILabs\AILab1+2\Npc.cpp(18,31): warning C4244: 'argument': conversion from 'double' to 'float', possible loss of data
C:\Users\Micha\Desktop\AILabs\AILab1+2\Npc.cpp(26,95): warning C4244: 'argument': conversion from 'double' to 'float', possible loss of data
C:\Users\Micha\Desktop\AILabs\AILab1+2\Npc.cpp(26,54): warning C4244: 'argument': conversion from 'double' to 'float', possible loss of data
C:\Users\Micha\Desktop\AILabs\AILab1+2\Npc.cpp(27,28): warning C4305: 'argument': truncation from 'double' to 'float'
C:\Users\Micha\Desktop\AILabs\AILab1+2\Npc.cpp(33,28): warning C4244: 'argument': conversion from 'double' to 'float', possible loss of data
C:\Users\Micha\Desktop\AILabs\AILab1+2\Npc.cpp(32,50): warning C4244: 'argument': conversion from 'double' to 'float', possible loss of data
C:\Users\Micha\Desktop\AILabs\AILab1+2\Npc.cpp(65,71): warning C4244: 'argument': conversion from 'double' to 'float', possible loss of data
C:\Users\Micha\Desktop\AILabs\AILab1+2\Npc.cpp(65,57): warning C4244: 'argument': conversion from 'double' to 'float', possible loss of data
C:\Users\Micha\Desktop\AILabs\AILab1+2\Npc.cpp(73,29): warning C4244: 'argument': conversion from 'double' to 'float', possible loss of data
C:\Users\Micha\Desktop\AILabs\AILab1+2\Npc.cpp(72,51): warning C4244: 'argument': conversion from 'double' to 'float', possible loss of data
  Player.cpp
C:\Users\Micha\Desktop\AILabs\AILab1+2\Utility.h(37,13): warning C4244: 'return': conversion from 'double' to 'float', possible loss of data
C:\Users\Micha\Desktop\AILabs\AILab1+2\Utility.h(42,13): warning C4244: 'return': conversion from 'double' to 'float', possible loss of data
C:\Users\Micha\Desktop\AILabs\AILab1+2\Player.cpp(15,31): warning C4244: 'argument': conversion from 'double' to 'float', possible loss of data
C:\Users\Micha\Desktop\AILabs\AILab1+2\Player.cpp(21,95): warning C4244: 'argument': conversion from 'double' to 'float', possible loss of data
C:\Users\Micha\Desktop\AILabs\AILab1+2\Player.cpp(21,54): warning C4244: 'argument': conversion from 'double' to 'float', possible loss of data
C:\Users\Micha\Desktop\AILabs\AILab1+2\Player.cpp(22,28): warning C4305: 'argument': truncation from 'double' to 'float'
C:\Users\Micha\Desktop\AILabs\AILab1+2\Player.cpp(76,31): warning C4244: 'argument': conversion from 'double' to 'float', possible loss of data
C:\Users\Micha\Desktop\AILabs\AILab1+2\Player.cpp(76,52): warning C4244: 'argument': conversion from 'double' to 'float', possible loss of data
C:\Users\Micha\Desktop\AILabs\AILab1+2\Player.cpp(78,70): warning C4244: 'argument': conversion from 'double' to 'float', possible loss of data
C:\Users\Micha\Desktop\AILabs\AILab1+2\Player.cpp(78,56): warning C4244: 'argument': conversion from 'double' to 'float', possible loss of data
C:\Users\Micha\Desktop\AILabs\AILab1+2\Player.cpp(84,31): warning C4244: 'argument': conversion from 'double' to 'float', possible loss of data
C:\Users\Micha\Desktop\AILabs\AILab1+2\Player.cpp(84,52): warning C4244: 'argument': conversion from 'double' to 'float', possible loss of data
C:\Users\Micha\Desktop\AILabs\AILab1+2\Player.cpp(86,70): warning C4244: 'argument': conversion from 'double' to 'float', possible loss of data
C:\Users\Micha\Desktop\AILabs\AILab1+2\Player.cpp(86,56): warning C4244: 'argument': conversion from 'double' to 'float', possible loss of data
  Generating Code...
  AILab1+2.vcxproj -> C:\Users\Micha\Desktop\AILabs\Debug\AILab1+2.exe
